<?xml version="1.0" encoding="UTF-8"?>
<!-- Generated by org.testng.reporters.JUnitXMLReporter -->
<testsuite hostname="IL-MF10-NA102OH" ignored="0" name="Default test" tests="4" failures="0" timestamp="27 Sep 2019 09:09:34 GMT" time="114.328" errors="0">
  <testcase name="signUpPageTest" time="3.87" classname="naveenSeleniumClass.DataDrivenWithTestNG"/>
  <testcase name="signUpPageTest" time="1.818" classname="naveenSeleniumClass.DataDrivenWithTestNG"/>
  <testcase name="signUpPageTest" time="2.016" classname="naveenSeleniumClass.DataDrivenWithTestNG"/>
  <testcase name="signUpPageTest" time="1.72" classname="naveenSeleniumClass.DataDrivenWithTestNG"/>
</testsuite> <!-- Default test -->
