<?xml version="1.0" encoding="UTF-8"?>
<testng-results skipped="0" failed="0" ignored="0" total="4" passed="4">
  <reporter-output>
  </reporter-output>
  <suite name="Default suite" duration-ms="114328" started-at="2019-09-27T09:07:40Z" finished-at="2019-09-27T09:09:34Z">
    <groups>
    </groups>
    <test name="Default test" duration-ms="114328" started-at="2019-09-27T09:07:40Z" finished-at="2019-09-27T09:09:34Z">
      <class name="naveenSeleniumClass.DataDrivenWithTestNG">
        <test-method status="PASS" signature="setUp()[pri:0, instance:naveenSeleniumClass.DataDrivenWithTestNG@7a765367]" name="setUp" is-config="true" duration-ms="41479" started-at="2019-09-27T09:07:43Z" finished-at="2019-09-27T09:08:24Z">
          <reporter-output>
          </reporter-output>
        </test-method> <!-- setUp -->
        <test-method status="PASS" signature="signUpPageTest(java.lang.String, java.lang.String, java.lang.String, java.lang.String, java.lang.String, java.lang.String, java.lang.String, java.lang.String, java.lang.String)[pri:0, instance:naveenSeleniumClass.DataDrivenWithTestNG@7a765367]" name="signUpPageTest" duration-ms="3870" started-at="2019-09-27T09:08:24Z" data-provider="getTestData" finished-at="2019-09-27T09:08:28Z">
          <params>
            <param index="0">
              <value>
                <![CDATA[Nitin]]>
              </value>
            </param>
            <param index="1">
              <value>
                <![CDATA[Agrawal]]>
              </value>
            </param>
            <param index="2">
              <value>
                <![CDATA[agrawalnitin12@gmail.com]]>
              </value>
            </param>
            <param index="3">
              <value>
                <![CDATA[agrawalnitin12@gmail.com]]>
              </value>
            </param>
            <param index="4">
              <value>
                <![CDATA[LGsoft123]]>
              </value>
            </param>
            <param index="5">
              <value>
                <![CDATA[12]]>
              </value>
            </param>
            <param index="6">
              <value>
                <![CDATA[Jun]]>
              </value>
            </param>
            <param index="7">
              <value>
                <![CDATA[1984]]>
              </value>
            </param>
            <param index="8">
              <value>
                <![CDATA[Male]]>
              </value>
            </param>
          </params>
          <reporter-output>
          </reporter-output>
        </test-method> <!-- signUpPageTest -->
        <test-method status="PASS" signature="tearDown()[pri:0, instance:naveenSeleniumClass.DataDrivenWithTestNG@7a765367]" name="tearDown" is-config="true" duration-ms="836" started-at="2019-09-27T09:08:28Z" finished-at="2019-09-27T09:08:29Z">
          <reporter-output>
          </reporter-output>
        </test-method> <!-- tearDown -->
        <test-method status="PASS" signature="setUp()[pri:0, instance:naveenSeleniumClass.DataDrivenWithTestNG@7a765367]" name="setUp" is-config="true" duration-ms="15810" started-at="2019-09-27T09:08:29Z" finished-at="2019-09-27T09:08:45Z">
          <reporter-output>
          </reporter-output>
        </test-method> <!-- setUp -->
        <test-method status="PASS" signature="signUpPageTest(java.lang.String, java.lang.String, java.lang.String, java.lang.String, java.lang.String, java.lang.String, java.lang.String, java.lang.String, java.lang.String)[pri:0, instance:naveenSeleniumClass.DataDrivenWithTestNG@7a765367]" name="signUpPageTest" duration-ms="1818" started-at="2019-09-27T09:08:45Z" data-provider="getTestData" finished-at="2019-09-27T09:08:46Z">
          <params>
            <param index="0">
              <value>
                <![CDATA[Deepika]]>
              </value>
            </param>
            <param index="1">
              <value>
                <![CDATA[Agrawal]]>
              </value>
            </param>
            <param index="2">
              <value>
                <![CDATA[deepika@gmail.com]]>
              </value>
            </param>
            <param index="3">
              <value>
                <![CDATA[deepika@gmail.com]]>
              </value>
            </param>
            <param index="4">
              <value>
                <![CDATA[LG12345]]>
              </value>
            </param>
            <param index="5">
              <value>
                <![CDATA[17]]>
              </value>
            </param>
            <param index="6">
              <value>
                <![CDATA[Oct]]>
              </value>
            </param>
            <param index="7">
              <value>
                <![CDATA[1987]]>
              </value>
            </param>
            <param index="8">
              <value>
                <![CDATA[Female]]>
              </value>
            </param>
          </params>
          <reporter-output>
          </reporter-output>
        </test-method> <!-- signUpPageTest -->
        <test-method status="PASS" signature="tearDown()[pri:0, instance:naveenSeleniumClass.DataDrivenWithTestNG@7a765367]" name="tearDown" is-config="true" duration-ms="890" started-at="2019-09-27T09:08:46Z" finished-at="2019-09-27T09:08:47Z">
          <reporter-output>
          </reporter-output>
        </test-method> <!-- tearDown -->
        <test-method status="PASS" signature="setUp()[pri:0, instance:naveenSeleniumClass.DataDrivenWithTestNG@7a765367]" name="setUp" is-config="true" duration-ms="15214" started-at="2019-09-27T09:08:47Z" finished-at="2019-09-27T09:09:02Z">
          <reporter-output>
          </reporter-output>
        </test-method> <!-- setUp -->
        <test-method status="PASS" signature="signUpPageTest(java.lang.String, java.lang.String, java.lang.String, java.lang.String, java.lang.String, java.lang.String, java.lang.String, java.lang.String, java.lang.String)[pri:0, instance:naveenSeleniumClass.DataDrivenWithTestNG@7a765367]" name="signUpPageTest" duration-ms="2016" started-at="2019-09-27T09:09:02Z" data-provider="getTestData" finished-at="2019-09-27T09:09:04Z">
          <params>
            <param index="0">
              <value>
                <![CDATA[Aarav]]>
              </value>
            </param>
            <param index="1">
              <value>
                <![CDATA[Agrawal]]>
              </value>
            </param>
            <param index="2">
              <value>
                <![CDATA[aarav@gmail.com]]>
              </value>
            </param>
            <param index="3">
              <value>
                <![CDATA[aarav@gmail.com]]>
              </value>
            </param>
            <param index="4">
              <value>
                <![CDATA[soft1234]]>
              </value>
            </param>
            <param index="5">
              <value>
                <![CDATA[15]]>
              </value>
            </param>
            <param index="6">
              <value>
                <![CDATA[Aug]]>
              </value>
            </param>
            <param index="7">
              <value>
                <![CDATA[2016]]>
              </value>
            </param>
            <param index="8">
              <value>
                <![CDATA[Male]]>
              </value>
            </param>
          </params>
          <reporter-output>
          </reporter-output>
        </test-method> <!-- signUpPageTest -->
        <test-method status="PASS" signature="tearDown()[pri:0, instance:naveenSeleniumClass.DataDrivenWithTestNG@7a765367]" name="tearDown" is-config="true" duration-ms="864" started-at="2019-09-27T09:09:04Z" finished-at="2019-09-27T09:09:05Z">
          <reporter-output>
          </reporter-output>
        </test-method> <!-- tearDown -->
        <test-method status="PASS" signature="setUp()[pri:0, instance:naveenSeleniumClass.DataDrivenWithTestNG@7a765367]" name="setUp" is-config="true" duration-ms="26151" started-at="2019-09-27T09:09:05Z" finished-at="2019-09-27T09:09:32Z">
          <reporter-output>
          </reporter-output>
        </test-method> <!-- setUp -->
        <test-method status="PASS" signature="signUpPageTest(java.lang.String, java.lang.String, java.lang.String, java.lang.String, java.lang.String, java.lang.String, java.lang.String, java.lang.String, java.lang.String)[pri:0, instance:naveenSeleniumClass.DataDrivenWithTestNG@7a765367]" name="signUpPageTest" duration-ms="1720" started-at="2019-09-27T09:09:32Z" data-provider="getTestData" finished-at="2019-09-27T09:09:33Z">
          <params>
            <param index="0">
              <value>
                <![CDATA[Vivek]]>
              </value>
            </param>
            <param index="1">
              <value>
                <![CDATA[Agrawal]]>
              </value>
            </param>
            <param index="2">
              <value>
                <![CDATA[vivek@gmail.com]]>
              </value>
            </param>
            <param index="3">
              <value>
                <![CDATA[vivek@gmail.com]]>
              </value>
            </param>
            <param index="4">
              <value>
                <![CDATA[softLG123]]>
              </value>
            </param>
            <param index="5">
              <value>
                <![CDATA[22]]>
              </value>
            </param>
            <param index="6">
              <value>
                <![CDATA[Apr]]>
              </value>
            </param>
            <param index="7">
              <value>
                <![CDATA[1988]]>
              </value>
            </param>
            <param index="8">
              <value>
                <![CDATA[Male]]>
              </value>
            </param>
          </params>
          <reporter-output>
          </reporter-output>
        </test-method> <!-- signUpPageTest -->
        <test-method status="PASS" signature="tearDown()[pri:0, instance:naveenSeleniumClass.DataDrivenWithTestNG@7a765367]" name="tearDown" is-config="true" duration-ms="873" started-at="2019-09-27T09:09:33Z" finished-at="2019-09-27T09:09:34Z">
          <reporter-output>
          </reporter-output>
        </test-method> <!-- tearDown -->
      </class> <!-- naveenSeleniumClass.DataDrivenWithTestNG -->
    </test> <!-- Default test -->
  </suite> <!-- Default suite -->
</testng-results>
